

Started GET "/" for 127.0.0.1 at 2018-01-12 15:02:01 +0900

ActiveRecord::PendingMigrationError (

Migrations are pending. To resolve this issue, run:

	bin/rake db:migrate RAILS_ENV=development

):
  activerecord (4.2.9) lib/active_record/migration.rb:392:in `check_pending!'
  activerecord (4.2.9) lib/active_record/migration.rb:373:in `call'
  actionpack (4.2.9) lib/action_dispatch/middleware/callbacks.rb:29:in `block in call'
  activesupport (4.2.9) lib/active_support/callbacks.rb:88:in `__run_callbacks__'
  activesupport (4.2.9) lib/active_support/callbacks.rb:778:in `_run_call_callbacks'
  activesupport (4.2.9) lib/active_support/callbacks.rb:81:in `run_callbacks'
  actionpack (4.2.9) lib/action_dispatch/middleware/callbacks.rb:27:in `call'
  actionpack (4.2.9) lib/action_dispatch/middleware/reloader.rb:73:in `call'
  actionpack (4.2.9) lib/action_dispatch/middleware/remote_ip.rb:78:in `call'
  actionpack (4.2.9) lib/action_dispatch/middleware/debug_exceptions.rb:17:in `call'
  web-console (2.3.0) lib/web_console/middleware.rb:28:in `block in call'
  web-console (2.3.0) lib/web_console/middleware.rb:18:in `catch'
  web-console (2.3.0) lib/web_console/middleware.rb:18:in `call'
  actionpack (4.2.9) lib/action_dispatch/middleware/show_exceptions.rb:30:in `call'
  railties (4.2.9) lib/rails/rack/logger.rb:38:in `call_app'
  railties (4.2.9) lib/rails/rack/logger.rb:20:in `block in call'
  activesupport (4.2.9) lib/active_support/tagged_logging.rb:68:in `block in tagged'
  activesupport (4.2.9) lib/active_support/tagged_logging.rb:26:in `tagged'
  activesupport (4.2.9) lib/active_support/tagged_logging.rb:68:in `tagged'
  railties (4.2.9) lib/rails/rack/logger.rb:20:in `call'
  actionpack (4.2.9) lib/action_dispatch/middleware/request_id.rb:21:in `call'
  rack (1.6.8) lib/rack/methodoverride.rb:22:in `call'
  rack (1.6.8) lib/rack/runtime.rb:18:in `call'
  activesupport (4.2.9) lib/active_support/cache/strategy/local_cache_middleware.rb:28:in `call'
  rack (1.6.8) lib/rack/lock.rb:17:in `call'
  actionpack (4.2.9) lib/action_dispatch/middleware/static.rb:120:in `call'
  rack (1.6.8) lib/rack/sendfile.rb:113:in `call'
  railties (4.2.9) lib/rails/engine.rb:518:in `call'
  railties (4.2.9) lib/rails/application.rb:165:in `call'
  rack (1.6.8) lib/rack/lock.rb:17:in `call'
  rack (1.6.8) lib/rack/content_length.rb:15:in `call'
  rack (1.6.8) lib/rack/handler/webrick.rb:88:in `service'
  /home/nowem/.rbenv/versions/2.3.5/lib/ruby/2.3.0/webrick/httpserver.rb:140:in `service'
  /home/nowem/.rbenv/versions/2.3.5/lib/ruby/2.3.0/webrick/httpserver.rb:96:in `run'
  /home/nowem/.rbenv/versions/2.3.5/lib/ruby/2.3.0/webrick/server.rb:296:in `block in start_thread'


  Rendered /home/nowem/.rbenv/versions/2.3.5/lib/ruby/gems/2.3.0/gems/actionpack-4.2.9/lib/action_dispatch/middleware/templates/rescues/_source.erb (2.0ms)
  Rendered /home/nowem/.rbenv/versions/2.3.5/lib/ruby/gems/2.3.0/gems/actionpack-4.2.9/lib/action_dispatch/middleware/templates/rescues/_trace.html.erb (1.5ms)
  Rendered /home/nowem/.rbenv/versions/2.3.5/lib/ruby/gems/2.3.0/gems/actionpack-4.2.9/lib/action_dispatch/middleware/templates/rescues/_request_and_response.html.erb (1.2ms)
  Rendered /home/nowem/.rbenv/versions/2.3.5/lib/ruby/gems/2.3.0/gems/actionpack-4.2.9/lib/action_dispatch/middleware/templates/rescues/diagnostics.html.erb within rescues/layout (93.2ms)
  Rendered /home/nowem/.rbenv/versions/2.3.5/lib/ruby/gems/2.3.0/gems/web-console-2.3.0/lib/web_console/templates/_markup.html.erb (0.4ms)
  Rendered /home/nowem/.rbenv/versions/2.3.5/lib/ruby/gems/2.3.0/gems/web-console-2.3.0/lib/web_console/templates/_inner_console_markup.html.erb within layouts/inlined_string (0.3ms)
  Rendered /home/nowem/.rbenv/versions/2.3.5/lib/ruby/gems/2.3.0/gems/web-console-2.3.0/lib/web_console/templates/_prompt_box_markup.html.erb within layouts/inlined_string (0.3ms)
  Rendered /home/nowem/.rbenv/versions/2.3.5/lib/ruby/gems/2.3.0/gems/web-console-2.3.0/lib/web_console/templates/style.css.erb within layouts/inlined_string (0.4ms)
  Rendered /home/nowem/.rbenv/versions/2.3.5/lib/ruby/gems/2.3.0/gems/web-console-2.3.0/lib/web_console/templates/console.js.erb within layouts/javascript (118.2ms)
  Rendered /home/nowem/.rbenv/versions/2.3.5/lib/ruby/gems/2.3.0/gems/web-console-2.3.0/lib/web_console/templates/main.js.erb within layouts/javascript (0.3ms)
  Rendered /home/nowem/.rbenv/versions/2.3.5/lib/ruby/gems/2.3.0/gems/web-console-2.3.0/lib/web_console/templates/error_page.js.erb within layouts/javascript (0.7ms)
  Rendered /home/nowem/.rbenv/versions/2.3.5/lib/ruby/gems/2.3.0/gems/web-console-2.3.0/lib/web_console/templates/index.html.erb (236.6ms)
  [1m[36m (100.1ms)[0m  [1mCREATE TABLE "schema_migrations" ("version" varchar NOT NULL) [0m
  [1m[35m (0.1ms)[0m  select sqlite_version(*)
  [1m[36m (3.5ms)[0m  [1mCREATE UNIQUE INDEX "unique_schema_migrations" ON "schema_migrations" ("version")[0m
  [1m[35mActiveRecord::SchemaMigration Load (0.2ms)[0m  SELECT "schema_migrations".* FROM "schema_migrations"
Migrating to CreateRentPosts (20180112054232)
  [1m[36m (0.1ms)[0m  [1mbegin transaction[0m
  [1m[35m (1.5ms)[0m  CREATE TABLE "rent_posts" ("id" INTEGER PRIMARY KEY AUTOINCREMENT NOT NULL, "created_at" datetime NOT NULL, "updated_at" datetime NOT NULL) 
  [1m[36mSQL (0.2ms)[0m  [1mINSERT INTO "schema_migrations" ("version") VALUES (?)[0m  [["version", "20180112054232"]]
  [1m[35m (3.3ms)[0m  commit transaction
Migrating to CreateAuctionPosts (20180112054240)
  [1m[36m (0.0ms)[0m  [1mbegin transaction[0m
  [1m[35m (1.5ms)[0m  CREATE TABLE "auction_posts" ("id" INTEGER PRIMARY KEY AUTOINCREMENT NOT NULL, "created_at" datetime NOT NULL, "updated_at" datetime NOT NULL) 
  [1m[36mSQL (0.2ms)[0m  [1mINSERT INTO "schema_migrations" ("version") VALUES (?)[0m  [["version", "20180112054240"]]
  [1m[35m (2.4ms)[0m  commit transaction
Migrating to DeviseCreateUsers (20180112054412)
  [1m[36m (0.0ms)[0m  [1mbegin transaction[0m
  [1m[35m (1.7ms)[0m  CREATE TABLE "users" ("id" INTEGER PRIMARY KEY AUTOINCREMENT NOT NULL, "email" varchar DEFAULT '' NOT NULL, "encrypted_password" varchar DEFAULT '' NOT NULL, "reset_password_token" varchar, "reset_password_sent_at" datetime, "remember_created_at" datetime, "sign_in_count" integer DEFAULT 0 NOT NULL, "current_sign_in_at" datetime, "last_sign_in_at" datetime, "current_sign_in_ip" varchar, "last_sign_in_ip" varchar, "created_at" datetime NOT NULL, "updated_at" datetime NOT NULL) 
  [1m[36m (2.2ms)[0m  [1mCREATE UNIQUE INDEX "index_users_on_email" ON "users" ("email")[0m
  [1m[35m (0.2ms)[0m              SELECT sql
            FROM sqlite_master
            WHERE name='index_users_on_email' AND type='index'
            UNION ALL
            SELECT sql
            FROM sqlite_temp_master
            WHERE name='index_users_on_email' AND type='index'

  [1m[36m (0.3ms)[0m  [1mCREATE UNIQUE INDEX "index_users_on_reset_password_token" ON "users" ("reset_password_token")[0m
  [1m[35mSQL (0.2ms)[0m  INSERT INTO "schema_migrations" ("version") VALUES (?)  [["version", "20180112054412"]]
  [1m[36m (3.0ms)[0m  [1mcommit transaction[0m
Migrating to DeviseCreateModels (20180112054420)
  [1m[35m (0.0ms)[0m  begin transaction
  [1m[36m (1.6ms)[0m  [1mCREATE TABLE "models" ("id" INTEGER PRIMARY KEY AUTOINCREMENT NOT NULL, "email" varchar DEFAULT '' NOT NULL, "encrypted_password" varchar DEFAULT '' NOT NULL, "reset_password_token" varchar, "reset_password_sent_at" datetime, "remember_created_at" datetime, "sign_in_count" integer DEFAULT 0 NOT NULL, "current_sign_in_at" datetime, "last_sign_in_at" datetime, "current_sign_in_ip" varchar, "last_sign_in_ip" varchar, "created_at" datetime NOT NULL, "updated_at" datetime NOT NULL) [0m
  [1m[35m (1.3ms)[0m  CREATE UNIQUE INDEX "index_models_on_email" ON "models" ("email")
  [1m[36m (0.1ms)[0m  [1m            SELECT sql
            FROM sqlite_master
            WHERE name='index_models_on_email' AND type='index'
            UNION ALL
            SELECT sql
            FROM sqlite_temp_master
            WHERE name='index_models_on_email' AND type='index'
[0m
  [1m[35m (0.4ms)[0m  CREATE UNIQUE INDEX "index_models_on_reset_password_token" ON "models" ("reset_password_token")
  [1m[36mSQL (0.3ms)[0m  [1mINSERT INTO "schema_migrations" ("version") VALUES (?)[0m  [["version", "20180112054420"]]
  [1m[35m (2.9ms)[0m  commit transaction
  [1m[36mActiveRecord::SchemaMigration Load (0.2ms)[0m  [1mSELECT "schema_migrations".* FROM "schema_migrations"[0m
  [1m[35m (0.2ms)[0m              SELECT sql
            FROM sqlite_master
            WHERE name='index_models_on_reset_password_token' AND type='index'
            UNION ALL
            SELECT sql
            FROM sqlite_temp_master
            WHERE name='index_models_on_reset_password_token' AND type='index'

  [1m[36m (0.2ms)[0m  [1m            SELECT sql
            FROM sqlite_master
            WHERE name='index_models_on_email' AND type='index'
            UNION ALL
            SELECT sql
            FROM sqlite_temp_master
            WHERE name='index_models_on_email' AND type='index'
[0m
  [1m[35m (0.3ms)[0m              SELECT sql
            FROM sqlite_master
            WHERE name='index_users_on_reset_password_token' AND type='index'
            UNION ALL
            SELECT sql
            FROM sqlite_temp_master
            WHERE name='index_users_on_reset_password_token' AND type='index'

  [1m[36m (0.2ms)[0m  [1m            SELECT sql
            FROM sqlite_master
            WHERE name='index_users_on_email' AND type='index'
            UNION ALL
            SELECT sql
            FROM sqlite_temp_master
            WHERE name='index_users_on_email' AND type='index'
[0m


Started GET "/" for 127.0.0.1 at 2018-01-12 15:03:03 +0900
  [1m[36mActiveRecord::SchemaMigration Load (0.3ms)[0m  [1mSELECT "schema_migrations".* FROM "schema_migrations"[0m
Processing by HomesController#index as HTML
  Rendered homes/index.html.erb within layouts/application (9.8ms)
Completed 200 OK in 3746ms (Views: 3724.2ms | ActiveRecord: 0.0ms)


Started GET "/assets/auction_posts.self-e3b0c44298fc1c149afbf4c8996fb92427ae41e4649b934ca495991b7852b855.css?body=1" for 127.0.0.1 at 2018-01-12 15:03:07 +0900


Started GET "/assets/rent_posts.self-e3b0c44298fc1c149afbf4c8996fb92427ae41e4649b934ca495991b7852b855.css?body=1" for 127.0.0.1 at 2018-01-12 15:03:07 +0900


Started GET "/assets/homes.self-e3b0c44298fc1c149afbf4c8996fb92427ae41e4649b934ca495991b7852b855.css?body=1" for 127.0.0.1 at 2018-01-12 15:03:07 +0900


Started GET "/assets/scaffolds.self-71b7fbadb78b7489879b4c8f4f6964a107005da5403e11482c8241d974da1c3d.css?body=1" for 127.0.0.1 at 2018-01-12 15:03:07 +0900


Started GET "/assets/turbolinks.self-2db6ec539b9190f75e1d477b305df53d12904d5cafdd47c7ffd91ba25cbec128.js?body=1" for 127.0.0.1 at 2018-01-12 15:03:07 +0900


Started GET "/assets/rent_posts.self-877aef30ae1b040ab8a3aba4e3e309a11d7f2612f44dde450b5c157aa5f95c05.js?body=1" for 127.0.0.1 at 2018-01-12 15:03:07 +0900


Started GET "/assets/homes.self-877aef30ae1b040ab8a3aba4e3e309a11d7f2612f44dde450b5c157aa5f95c05.js?body=1" for 127.0.0.1 at 2018-01-12 15:03:07 +0900


Started GET "/assets/auction_posts.self-877aef30ae1b040ab8a3aba4e3e309a11d7f2612f44dde450b5c157aa5f95c05.js?body=1" for 127.0.0.1 at 2018-01-12 15:03:07 +0900


Started GET "/" for 127.0.0.1 at 2018-01-12 15:43:42 +0900
  [1m[36mActiveRecord::SchemaMigration Load (0.3ms)[0m  [1mSELECT "schema_migrations".* FROM "schema_migrations"[0m
Processing by HomesController#index as HTML
  Rendered homes/index.html.erb within layouts/application (7.6ms)
Completed 200 OK in 683ms (Views: 663.2ms | ActiveRecord: 0.0ms)
